<?xml version="1.0" encoding="UTF-8" ?>
<testsuites disabled="0" errors="0" failures="3" tests="4" time="20.811">
 <testsuite name="demo calculator" timestamp="2020-03-08T23:53:34" hostname="localhost" time="20.811" errors="0" tests="4" skipped="0" disabled="0" failures="3">
  <testcase classname="demo calculator" name="addition test " time="7.918" />
  <testcase classname="demo calculator" name="subtraction test " time="0.398">
   <failure type="exception" message="Failed: homepage.clickGol is not a function"><![CDATA[TypeError: homepage.clickGol is not a function
    at UserContext.<anonymous> (C:\Users\tunad\OneDrive\Desktop\Projects\ProtractorDemo\tests\calculator.js:41:18)
    at C:\Users\tunad\AppData\Roaming\npm\node_modules\protractor\node_modules\jasminewd2\index.js:112:25
    at new ManagedPromise (C:\Users\tunad\AppData\Roaming\npm\node_modules\protractor\node_modules\selenium-webdriver\lib\promise.js:1077:7)
    at ControlFlow.promise (C:\Users\tunad\AppData\Roaming\npm\node_modules\protractor\node_modules\selenium-webdriver\lib\promise.js:2505:12)
    at schedulerExecute (C:\Users\tunad\AppData\Roaming\npm\node_modules\protractor\node_modules\jasminewd2\index.js:95:18)
    at TaskQueue.execute_ (C:\Users\tunad\AppData\Roaming\npm\node_modules\protractor\node_modules\selenium-webdriver\lib\promise.js:3084:14)
    at TaskQueue.executeNext_ (C:\Users\tunad\AppData\Roaming\npm\node_modules\protractor\node_modules\selenium-webdriver\lib\promise.js:3067:27)
    at C:\Users\tunad\AppData\Roaming\npm\node_modules\protractor\node_modules\selenium-webdriver\lib\promise.js:2927:27
    at C:\Users\tunad\AppData\Roaming\npm\node_modules\protractor\node_modules\selenium-webdriver\lib\promise.js:668:7
    at processTicksAndRejections (internal/process/task_queues.js:97:5)
From: Task: Run it("subtraction test ") in control flow
    at UserContext.<anonymous> (C:\Users\tunad\AppData\Roaming\npm\node_modules\protractor\node_modules\jasminewd2\index.js:94:19)
    at attempt (C:\Users\tunad\AppData\Roaming\npm\node_modules\protractor\node_modules\jasmine-core\lib\jasmine-core\jasmine.js:4297:26)
    at QueueRunner.run (C:\Users\tunad\AppData\Roaming\npm\node_modules\protractor\node_modules\jasmine-core\lib\jasmine-core\jasmine.js:4217:20)
    at QueueRunner.execute (C:\Users\tunad\AppData\Roaming\npm\node_modules\protractor\node_modules\jasmine-core\lib\jasmine-core\jasmine.js:4199:10)
    at Spec.queueRunnerFactory (C:\Users\tunad\AppData\Roaming\npm\node_modules\protractor\node_modules\jasmine-core\lib\jasmine-core\jasmine.js:909:35)
    at Spec.execute (C:\Users\tunad\AppData\Roaming\npm\node_modules\protractor\node_modules\jasmine-core\lib\jasmine-core\jasmine.js:526:10)
    at UserContext.fn (C:\Users\tunad\AppData\Roaming\npm\node_modules\protractor\node_modules\jasmine-core\lib\jasmine-core\jasmine.js:5340:37)
    at attempt (C:\Users\tunad\AppData\Roaming\npm\node_modules\protractor\node_modules\jasmine-core\lib\jasmine-core\jasmine.js:4297:26)
    at QueueRunner.run (C:\Users\tunad\AppData\Roaming\npm\node_modules\protractor\node_modules\jasmine-core\lib\jasmine-core\jasmine.js:4217:20)
    at runNext (C:\Users\tunad\AppData\Roaming\npm\node_modules\protractor\node_modules\jasmine-core\lib\jasmine-core\jasmine.js:4257:20)
From asynchronous test: 
Error
    at Suite.<anonymous> (C:\Users\tunad\OneDrive\Desktop\Projects\ProtractorDemo\tests\calculator.js:29:5)
    at addSpecsToSuite (C:\Users\tunad\AppData\Roaming\npm\node_modules\protractor\node_modules\jasmine-core\lib\jasmine-core\jasmine.js:1107:25)
    at Env.describe (C:\Users\tunad\AppData\Roaming\npm\node_modules\protractor\node_modules\jasmine-core\lib\jasmine-core\jasmine.js:1074:7)
    at describe (C:\Users\tunad\AppData\Roaming\npm\node_modules\protractor\node_modules\jasmine-core\lib\jasmine-core\jasmine.js:4399:18)
    at Object.<anonymous> (C:\Users\tunad\OneDrive\Desktop\Projects\ProtractorDemo\tests\calculator.js:3:1)
    at Module._compile (internal/modules/cjs/loader.js:1158:30)
    at Object.Module._extensions..js (internal/modules/cjs/loader.js:1178:10)
    at Module.load (internal/modules/cjs/loader.js:1002:32)
    at Function.Module._load (internal/modules/cjs/loader.js:901:14)]]>
   </failure>
  </testcase>
  <testcase classname="demo calculator" name="addition test " time="6.469">
   <failure type="exception" message="WebDriverError: chrome not reachable
  (Session info: chrome=80.0.3987.132)
  (Driver info: chromedriver=80.0.3987.106 (f68069574609230cf9b635cd784cfb1bf81bb53a-refs/branch-heads/3987@{#882}),platform=Windows NT 10.0.17763 x86_64)"><![CDATA[WebDriverError: chrome not reachable
  (Session info: chrome=80.0.3987.132)
  (Driver info: chromedriver=80.0.3987.106 (f68069574609230cf9b635cd784cfb1bf81bb53a-refs/branch-heads/3987@{#882}),platform=Windows NT 10.0.17763 x86_64)
    at Object.checkLegacyResponse (C:\Users\tunad\AppData\Roaming\npm\node_modules\protractor\node_modules\selenium-webdriver\lib\error.js:546:15)
    at parseHttpResponse (C:\Users\tunad\AppData\Roaming\npm\node_modules\protractor\node_modules\selenium-webdriver\lib\http.js:509:13)
    at C:\Users\tunad\AppData\Roaming\npm\node_modules\protractor\node_modules\selenium-webdriver\lib\http.js:441:30
    at processTicksAndRejections (internal/process/task_queues.js:97:5)
From: Task: WebDriver.takeScreenshot()
    at Driver.schedule (C:\Users\tunad\AppData\Roaming\npm\node_modules\protractor\node_modules\selenium-webdriver\lib\webdriver.js:807:17)
    at Driver.takeScreenshot (C:\Users\tunad\AppData\Roaming\npm\node_modules\protractor\node_modules\selenium-webdriver\lib\webdriver.js:1085:17)
    at run (C:\Users\tunad\AppData\Roaming\npm\node_modules\protractor\built\browser.js:59:33)
    at ProtractorBrowser.to.<computed> [as takeScreenshot] (C:\Users\tunad\AppData\Roaming\npm\node_modules\protractor\built\browser.js:67:16)
    at C:\Users\tunad\node_modules\protractor-jasmine2-screenshot-reporter\index.js:600:23
    at C:\Users\tunad\node_modules\lodash\lodash.js:4905:15
    at baseForOwn (C:\Users\tunad\node_modules\lodash\lodash.js:2990:24)
    at C:\Users\tunad\node_modules\lodash\lodash.js:4874:18
    at Function.forEach (C:\Users\tunad\node_modules\lodash\lodash.js:9342:14)
    at Jasmine2ScreenShotReporter.specDone (C:\Users\tunad\node_modules\protractor-jasmine2-screenshot-reporter\index.js:596:7)]]>
   </failure>
  </testcase>
  <testcase classname="demo calculator" name="subtraction test " time="6.019">
   <failure type="exception" message="WebDriverError: chrome not reachable
  (Session info: chrome=80.0.3987.132)
  (Driver info: chromedriver=80.0.3987.106 (f68069574609230cf9b635cd784cfb1bf81bb53a-refs/branch-heads/3987@{#882}),platform=Windows NT 10.0.17763 x86_64)"><![CDATA[WebDriverError: chrome not reachable
  (Session info: chrome=80.0.3987.132)
  (Driver info: chromedriver=80.0.3987.106 (f68069574609230cf9b635cd784cfb1bf81bb53a-refs/branch-heads/3987@{#882}),platform=Windows NT 10.0.17763 x86_64)
    at Object.checkLegacyResponse (C:\Users\tunad\AppData\Roaming\npm\node_modules\protractor\node_modules\selenium-webdriver\lib\error.js:546:15)
    at parseHttpResponse (C:\Users\tunad\AppData\Roaming\npm\node_modules\protractor\node_modules\selenium-webdriver\lib\http.js:509:13)
    at C:\Users\tunad\AppData\Roaming\npm\node_modules\protractor\node_modules\selenium-webdriver\lib\http.js:441:30
    at processTicksAndRejections (internal/process/task_queues.js:97:5)
From: Task: WebDriver.takeScreenshot()
    at Driver.schedule (C:\Users\tunad\AppData\Roaming\npm\node_modules\protractor\node_modules\selenium-webdriver\lib\webdriver.js:807:17)
    at Driver.takeScreenshot (C:\Users\tunad\AppData\Roaming\npm\node_modules\protractor\node_modules\selenium-webdriver\lib\webdriver.js:1085:17)
    at run (C:\Users\tunad\AppData\Roaming\npm\node_modules\protractor\built\browser.js:59:33)
    at ProtractorBrowser.to.<computed> [as takeScreenshot] (C:\Users\tunad\AppData\Roaming\npm\node_modules\protractor\built\browser.js:67:16)
    at C:\Users\tunad\OneDrive\Desktop\Projects\ProtractorDemo\conf\conf.js:59:33
    at ManagedPromise.invokeCallback_ (C:\Users\tunad\AppData\Roaming\npm\node_modules\protractor\node_modules\selenium-webdriver\lib\promise.js:1376:14)
    at TaskQueue.execute_ (C:\Users\tunad\AppData\Roaming\npm\node_modules\protractor\node_modules\selenium-webdriver\lib\promise.js:3084:14)
    at TaskQueue.executeNext_ (C:\Users\tunad\AppData\Roaming\npm\node_modules\protractor\node_modules\selenium-webdriver\lib\promise.js:3067:27)
    at C:\Users\tunad\AppData\Roaming\npm\node_modules\protractor\node_modules\selenium-webdriver\lib\promise.js:2927:27
    at C:\Users\tunad\AppData\Roaming\npm\node_modules\protractor\node_modules\selenium-webdriver\lib\promise.js:668:7]]>
   </failure>
  </testcase>
 </testsuite>
</testsuites>